Построение начато 27.09.2017 0:26:00.
     1>Проект "c:\Users\anastasia\documents\visual studio 2010\Projects\im\im\im.vcxproj" в узле 2 (целевые объекты build).
     1>InitializeBuildStatus:
         Обращение к "Release\im.unsuccessfulbuild".
       ClCompile:
         Для всех выходных данных обновления не требуется.
         d:\Games\VS\VC\bin\CL.exe /c /Zi /nologo /W3 /WX- /O2 /Oi /Oy- /GL /D WIN32 /D NDEBUG /D _CONSOLE /D _UNICODE /D UNICODE /Gm- /EHsc /MD /GS /Gy /fp:precise /Zc:wchar_t /Zc:forScope /Yu"StdAfx.h" /Fp"Release\im.pch" /Fo"Release\\" /Fd"Release\vc100.pdb" /Gd /TP /analyze- /errorReport:prompt im.cpp
         im.cpp
     1>im.cpp(18): warning C4244: =: преобразование "double" в "int", возможна потеря данных
     1>im.cpp(22): warning C4244: =: преобразование "double" в "int", возможна потеря данных
     1>im.cpp(26): warning C4244: =: преобразование "double" в "int", возможна потеря данных
     1>im.cpp(59): warning C4018: <: несоответствие типов со знаком и без знака
     1>im.cpp(60): warning C4018: <: несоответствие типов со знаком и без знака
       Link:
         d:\Games\VS\VC\bin\link.exe /ERRORREPORT:PROMPT /OUT:"c:\users\anastasia\documents\visual studio 2010\Projects\im\Release\im.exe" /INCREMENTAL:NO /NOLOGO kernel32.lib user32.lib gdi32.lib winspool.lib comdlg32.lib advapi32.lib shell32.lib ole32.lib oleaut32.lib uuid.lib odbc32.lib odbccp32.lib /MANIFEST /ManifestFile:"Release\im.exe.intermediate.manifest" /MANIFESTUAC:"level='asInvoker' uiAccess='false'" /DEBUG /PDB:"c:\users\anastasia\documents\visual studio 2010\Projects\im\Release\im.pdb" /SUBSYSTEM:CONSOLE /OPT:REF /OPT:ICF /LTCG /TLBID:1 /DYNAMICBASE /NXCOMPAT /IMPLIB:"c:\users\anastasia\documents\visual studio 2010\Projects\im\Release\im.lib" /MACHINE:X86 Release\im.obj
         Release\stdafx.obj
         Создание кода
         Создание кода завершено
         im.vcxproj -> c:\users\anastasia\documents\visual studio 2010\Projects\im\Release\im.exe
       Manifest:
         C:\Program Files\Microsoft SDKs\Windows\v7.0A\bin\mt.exe /nologo /verbose /outputresource:"c:\users\anastasia\documents\visual studio 2010\Projects\im\Release\im.exe;#1" /manifest Release\im.exe.intermediate.manifest
       FinalizeBuildStatus:
         Файл "Release\im.unsuccessfulbuild" удаляется.
         Обращение к "Release\im.lastbuildstate".
     1>Построение проекта "c:\Users\anastasia\documents\visual studio 2010\Projects\im\im\im.vcxproj" завершено (целевые объекты build).

Построение успешно завершено.

Затраченное время: 00:00:01.28
